<?xml version="1.0" encoding="UTF-8"?>
<testng-results ignored="0" total="1" passed="1" failed="0" skipped="0">
  <reporter-output>
  </reporter-output>
  <suite started-at="2019-03-23T16:24:19Z" name="Default suite" finished-at="2019-03-23T16:24:29Z" duration-ms="9896">
    <groups>
    </groups>
    <test started-at="2019-03-23T16:24:19Z" name="Default test" finished-at="2019-03-23T16:24:29Z" duration-ms="9896">
      <class name="testAdactin.testAdactin">
        <test-method signature="openDriver()[pri:0, instance:testAdactin.testAdactin@61322f9d]" started-at="2019-03-23T16:24:19Z" name="openDriver" finished-at="2019-03-23T16:24:29Z" duration-ms="9865" status="PASS">
          <reporter-output>
          </reporter-output>
        </test-method> <!-- openDriver -->
      </class> <!-- testAdactin.testAdactin -->
    </test> <!-- Default test -->
  </suite> <!-- Default suite -->
</testng-results>
